<?xml version="1.0" encoding="UTF-8"?>
<!-- Generated by org.testng.reporters.JUnitReportReporter -->
<testsuite hostname="LAPTOP-JDN88TTV" failures="0" tests="1" name="Resources.Figures" time="4385.202" errors="0" timestamp="2024-06-04T22:11:51 EDT" skipped="0">
  <testcase classname="Resources.Figures" name="RU_CV" time="4385.202"/>
  <system-out/>
</testsuite> <!-- Resources.Figures -->
