<?xml version="1.0" encoding="UTF-8"?>
<!-- Generated by org.testng.reporters.JUnitReportReporter -->
<testsuite hostname="LAPTOP-JDN88TTV" failures="0" tests="5" name="Resources.Videos" time="11223.331" errors="0" timestamp="2024-06-11T14:52:18 EDT" skipped="0">
  <testcase classname="Resources.Videos" name="PT_PV" time="1724.102"/>
  <system-out/>
  <testcase classname="Resources.Videos" name="PT_CV" time="2480.143"/>
  <system-out/>
  <testcase classname="Resources.Videos" name="FR_PV" time="1215.933"/>
  <system-out/>
  <testcase classname="Resources.Videos" name="FR_CV" time="2705.834"/>
  <system-out/>
  <testcase classname="Resources.Videos" name="RU_CV" time="3097.319"/>
  <system-out/>
</testsuite> <!-- Resources.Videos -->
