<?xml version="1.0" encoding="UTF-8"?>
<!-- Generated by org.testng.reporters.JUnitReportReporter -->
<testsuite skipped="0" hostname="LAPTOP-MI22N1I4" name="Resources.Quizzes_v3_3" tests="10" failures="0" timestamp="12 Apr 2019 20:26:09 GMT" time="21538.426" errors="0">
  <testcase name="ES_CV" time="3987.020" classname="Resources.Quizzes_v3_3"/>
  <testcase name="DE_PV" time="1755.123" classname="Resources.Quizzes_v3_3"/>
  <testcase name="DE_CV" time="2243.468" classname="Resources.Quizzes_v3_3"/>
  <testcase name="IT_PV" time="1787.588" classname="Resources.Quizzes_v3_3"/>
  <testcase name="IT_CV" time="2378.943" classname="Resources.Quizzes_v3_3"/>
  <testcase name="RU_PV" time="1868.441" classname="Resources.Quizzes_v3_3"/>
  <testcase name="RU_CV" time="1106.766" classname="Resources.Quizzes_v3_3"/>
  <testcase name="ZH_PV" time="2061.818" classname="Resources.Quizzes_v3_3"/>
  <testcase name="ZH_CV" time="2340.650" classname="Resources.Quizzes_v3_3"/>
  <testcase name="KO_CV" time="2008.608" classname="Resources.Quizzes_v3_3"/>
</testsuite> <!-- Resources.Quizzes_v3_3 -->
