<?xml version="1.0" encoding="UTF-8"?>
<!-- Generated by org.testng.reporters.JUnitReportReporter -->
<testsuite skipped="0" hostname="LAPTOP-MI22N1I4" name="Redesign_UAT.Videos_v3_3" tests="12" failures="0" timestamp="02 May 2019 23:14:13 GMT" time="32341.535" errors="0">
  <testcase name="FR_PV" time="3673.028" classname="Redesign_UAT.Videos_v3_3"/>
  <testcase name="FR_CV" time="3796.622" classname="Redesign_UAT.Videos_v3_3"/>
  <testcase name="ES_PV" time="37.515" classname="Redesign_UAT.Videos_v3_3"/>
  <testcase name="ES_CV" time="3283.206" classname="Redesign_UAT.Videos_v3_3"/>
  <testcase name="DE_PV" time="2890.245" classname="Redesign_UAT.Videos_v3_3"/>
  <testcase name="DE_CV" time="3096.690" classname="Redesign_UAT.Videos_v3_3"/>
  <testcase name="IT_PV" time="2856.811" classname="Redesign_UAT.Videos_v3_3"/>
  <testcase name="IT_CV" time="3489.352" classname="Redesign_UAT.Videos_v3_3"/>
  <testcase name="ES_US_MSD_PV" time="22.328" classname="Redesign_UAT.Videos_v3_3"/>
  <testcase name="ES_US_MSD_CV" time="3027.271" classname="Redesign_UAT.Videos_v3_3"/>
  <testcase name="FR_CA_MSD_PV" time="3169.089" classname="Redesign_UAT.Videos_v3_3"/>
  <testcase name="FR_CA_MSD_CV" time="2999.381" classname="Redesign_UAT.Videos_v3_3"/>
</testsuite> <!-- Redesign_UAT.Videos_v3_3 -->
