<?xml version="1.0" encoding="UTF-8"?>
<!-- Generated by org.testng.reporters.JUnitReportReporter -->
<testsuite hostname="LAPTOP-JDN88TTV" failures="0" tests="2" name="TestCases.LandingFunctional" time="20.098" errors="0" timestamp="2023-03-06T19:47:18 EST" skipped="0">
  <testcase classname="TestCases.LandingFunctional" name="verifyMerckManualLanding" time="12.584"/>
  <system-out/>
  <testcase classname="TestCases.LandingFunctional" name="verifyMSDManualLandings" time="7.514"/>
  <system-out/>
</testsuite> <!-- TestCases.LandingFunctional -->
