<?xml version="1.0" encoding="UTF-8"?>
<!-- Generated by org.testng.reporters.JUnitReportReporter -->
<testsuite hostname="LAPTOP-JDN88TTV" failures="0" tests="27" name="Resources.Videos" time="77444.523" errors="0" timestamp="2024-06-04T11:54:54 EDT" skipped="0">
  <testcase classname="Resources.Videos" name="EN_US_PV" time="4525.529"/>
  <system-out/>
  <testcase classname="Resources.Videos" name="EN_US_CV" time="78.817"/>
  <system-out/>
  <testcase classname="Resources.Videos" name="PT_PV" time="2433.059"/>
  <system-out/>
  <testcase classname="Resources.Videos" name="PT_CV" time="4227.243"/>
  <system-out/>
  <testcase classname="Resources.Videos" name="JA_PV" time="4025.249"/>
  <system-out/>
  <testcase classname="Resources.Videos" name="JA_CV" time="1815.567"/>
  <system-out/>
  <testcase classname="Resources.Videos" name="FR_PV" time="80.017"/>
  <system-out/>
  <testcase classname="Resources.Videos" name="FR_CV" time="79.634"/>
  <system-out/>
  <testcase classname="Resources.Videos" name="ES_PV" time="79.713"/>
  <system-out/>
  <testcase classname="Resources.Videos" name="ES_CV" time="6706.279"/>
  <system-out/>
  <testcase classname="Resources.Videos" name="DE_PV" time="2288.624"/>
  <system-out/>
  <testcase classname="Resources.Videos" name="DE_CV" time="3434.759"/>
  <system-out/>
  <testcase classname="Resources.Videos" name="IT_PV" time="2393.191"/>
  <system-out/>
  <testcase classname="Resources.Videos" name="IT_CV" time="4071.698"/>
  <system-out/>
  <testcase classname="Resources.Videos" name="RU_PV" time="2299.977"/>
  <system-out/>
  <testcase classname="Resources.Videos" name="RU_CV" time="4538.911"/>
  <system-out/>
  <testcase classname="Resources.Videos" name="CN_PV" time="98.731"/>
  <system-out/>
  <testcase classname="Resources.Videos" name="CN_CV" time="95.337"/>
  <system-out/>
  <testcase classname="Resources.Videos" name="KO_CV" time="4669.438"/>
  <system-out/>
  <testcase classname="Resources.Videos" name="MM_VET" time="1451.496"/>
  <system-out/>
  <testcase classname="Resources.Videos" name="MSD_VET" time="1495.408"/>
  <system-out/>
  <testcase classname="Resources.Videos" name="EN_MSD_PV" time="4037.254"/>
  <system-out/>
  <testcase classname="Resources.Videos" name="EN_MSD_CV" time="7611.819"/>
  <system-out/>
  <testcase classname="Resources.Videos" name="AR_MSD_CV" time="4343.478"/>
  <system-out/>
  <testcase classname="Resources.Videos" name="VI_MSD_PV" time="2208.167"/>
  <system-out/>
  <testcase classname="Resources.Videos" name="UK_PV" time="3178.751"/>
  <system-out/>
  <testcase classname="Resources.Videos" name="HI_CV" time="5176.370"/>
  <system-out/>
</testsuite> <!-- Resources.Videos -->
