<?xml version="1.0" encoding="UTF-8"?>
<!-- Generated by org.testng.reporters.JUnitReportReporter -->
<testsuite hostname="LAPTOP-JDN88TTV" failures="0" tests="1" name="Resources.Models3D" time="2280.767" errors="0" timestamp="2024-06-04T21:37:13 EDT" skipped="0">
  <testcase classname="Resources.Models3D" name="RU_CV" time="2280.767"/>
  <system-out/>
</testsuite> <!-- Resources.Models3D -->
