<?xml version="1.0" encoding="UTF-8"?>
<!-- Generated by org.testng.reporters.JUnitReportReporter -->
<testsuite skipped="0" hostname="LAPTOP-MI22N1I4" name="Resources.Videos_v3_3" tests="2" failures="0" timestamp="07 Aug 2019 21:15:07 GMT" time="102.171" errors="0">
  <testcase name="EN_US_PV" time="86.282" classname="Resources.Videos_v3_3"/>
  <testcase name="EN_US_CV" time="15.889" classname="Resources.Videos_v3_3"/>
</testsuite> <!-- Resources.Videos_v3_3 -->
