<?xml version="1.0" encoding="UTF-8"?>
<!-- Generated by org.testng.reporters.JUnitReportReporter -->
<testsuite skipped="0" hostname="LAPTOP-MI22N1I4" name="Resources.ClinicalCalculators_v3_3" tests="10" failures="0" timestamp="09 Apr 2019 15:46:55 GMT" time="5921.762" errors="0">
  <testcase name="PT_PV" time="1259.083" classname="Resources.ClinicalCalculators_v3_3"/>
  <testcase name="JA_PV" time="389.410" classname="Resources.ClinicalCalculators_v3_3"/>
  <testcase name="FR_PV" time="2323.488" classname="Resources.ClinicalCalculators_v3_3"/>
  <testcase name="ES_PV" time="7.816" classname="Resources.ClinicalCalculators_v3_3"/>
  <testcase name="DE_PV" time="6.378" classname="Resources.ClinicalCalculators_v3_3"/>
  <testcase name="IT_PV" time="6.932" classname="Resources.ClinicalCalculators_v3_3"/>
  <testcase name="RU_PV" time="1034.527" classname="Resources.ClinicalCalculators_v3_3"/>
  <testcase name="ZH_PV" time="878.315" classname="Resources.ClinicalCalculators_v3_3"/>
  <testcase name="MM_VET" time="7.551" classname="Resources.ClinicalCalculators_v3_3"/>
  <testcase name="MSD_VET" time="8.262" classname="Resources.ClinicalCalculators_v3_3"/>
</testsuite> <!-- Resources.ClinicalCalculators_v3_3 -->
