<?xml version="1.0" encoding="UTF-8"?>
<!-- Generated by org.testng.reporters.JUnitReportReporter -->
<testsuite skipped="0" hostname="LAPTOP-MI22N1I4" name="Resources.LetterSpine" tests="1" failures="0" timestamp="01 Sep 2020 16:48:06 GMT" time="999.232" errors="0">
  <testcase name="EN_US_PV" time="999.232" classname="Resources.LetterSpine"/>
</testsuite> <!-- Resources.LetterSpine -->
