<?xml version="1.0" encoding="UTF-8"?>
<!-- Generated by org.testng.reporters.JUnitReportReporter -->
<testsuite skipped="0" hostname="LAPTOP-MI22N1I4" name="Resources.Figures_v3_3" tests="4" failures="0" timestamp="07 Aug 2019 21:47:53 GMT" time="149.999" errors="0">
  <testcase name="EN_US_PV" time="50.179" classname="Resources.Figures_v3_3"/>
  <testcase name="EN_US_CV" time="35.311" classname="Resources.Figures_v3_3"/>
  <testcase name="ES_PV" time="28.331" classname="Resources.Figures_v3_3"/>
  <testcase name="ES_CV" time="36.178" classname="Resources.Figures_v3_3"/>
</testsuite> <!-- Resources.Figures_v3_3 -->
