<?xml version="1.0" encoding="UTF-8"?>
<!-- Generated by org.testng.reporters.JUnitReportReporter -->
<testsuite skipped="0" hostname="LAPTOP-MI22N1I4" name="Redesign_UAT.Figures_v3_3" tests="8" failures="0" timestamp="10 Jun 2019 15:06:13 GMT" time="39302.539" errors="0">
  <testcase name="FR_PV" time="5042.092" classname="Redesign_UAT.Figures_v3_3"/>
  <testcase name="FR_CV" time="7369.999" classname="Redesign_UAT.Figures_v3_3"/>
  <testcase name="ES_PV" time="7.129" classname="Redesign_UAT.Figures_v3_3"/>
  <testcase name="ES_CV" time="7.061" classname="Redesign_UAT.Figures_v3_3"/>
  <testcase name="DE_PV" time="5835.142" classname="Redesign_UAT.Figures_v3_3"/>
  <testcase name="DE_CV" time="7397.000" classname="Redesign_UAT.Figures_v3_3"/>
  <testcase name="IT_PV" time="5135.932" classname="Redesign_UAT.Figures_v3_3"/>
  <testcase name="IT_CV" time="8508.183" classname="Redesign_UAT.Figures_v3_3"/>
</testsuite> <!-- Redesign_UAT.Figures_v3_3 -->
