<?xml version="1.0" encoding="UTF-8"?>
<!-- Generated by org.testng.reporters.JUnitReportReporter -->
<testsuite skipped="0" hostname="LAPTOP-MI22N1I4" name="Other.Symptoms_HREFs" tests="1" failures="0" timestamp="15 Jun 2021 14:54:16 GMT" time="687.344" errors="0">
  <testcase name="EN_US_PV" time="687.344" classname="Other.Symptoms_HREFs"/>
</testsuite> <!-- Other.Symptoms_HREFs -->
