<?xml version="1.0" encoding="UTF-8"?>
<!-- Generated by org.testng.reporters.JUnitReportReporter -->
<testsuite skipped="0" hostname="LAPTOP-MI22N1I4" name="Redesign.Quizzes_v3_3" tests="10" failures="0" timestamp="27 Jun 2019 02:11:50 GMT" time="26789.064" errors="0">
  <testcase name="PT_PV" time="2642.578" classname="Redesign.Quizzes_v3_3"/>
  <testcase name="PT_CV" time="2404.209" classname="Redesign.Quizzes_v3_3"/>
  <testcase name="FR_PV" time="2125.127" classname="Redesign.Quizzes_v3_3"/>
  <testcase name="FR_CV" time="2358.299" classname="Redesign.Quizzes_v3_3"/>
  <testcase name="ES_PV" time="3987.364" classname="Redesign.Quizzes_v3_3"/>
  <testcase name="ES_CV" time="4057.389" classname="Redesign.Quizzes_v3_3"/>
  <testcase name="DE_PV" time="2100.421" classname="Redesign.Quizzes_v3_3"/>
  <testcase name="DE_CV" time="2591.016" classname="Redesign.Quizzes_v3_3"/>
  <testcase name="IT_PV" time="2058.999" classname="Redesign.Quizzes_v3_3"/>
  <testcase name="IT_CV" time="2463.661" classname="Redesign.Quizzes_v3_3"/>
</testsuite> <!-- Redesign.Quizzes_v3_3 -->
