<?xml version="1.0" encoding="UTF-8"?>
<!-- Generated by org.testng.reporters.JUnitReportReporter -->
<testsuite skipped="6" hostname="LAPTOP-MI22N1I4" name="Redesign.Videos_v3_3" tests="7" failures="0" timestamp="15 Jul 2019 20:30:48 GMT" time="0.307" errors="1">
  <testcase name="startBrowser" time="0.307" classname="Redesign.Videos_v3_3">
    <error type="java.lang.NullPointerException">
      <![CDATA[java.lang.NullPointerException
at Redesign.Videos_v3_3.startBrowser(Videos_v3_3.java:22)
at sun.reflect.NativeMethodAccessorImpl.invoke0(Native Method)
at sun.reflect.NativeMethodAccessorImpl.invoke(Unknown Source)
at sun.reflect.DelegatingMethodAccessorImpl.invoke(Unknown Source)
at java.lang.reflect.Method.invoke(Unknown Source)
at org.testng.internal.MethodInvocationHelper.invokeMethod(MethodInvocationHelper.java:124)
at org.testng.internal.MethodInvocationHelper.invokeMethodConsideringTimeout(MethodInvocationHelper.java:59)
at org.testng.internal.Invoker.invokeConfigurationMethod(Invoker.java:455)
at org.testng.internal.Invoker.invokeConfigurations(Invoker.java:222)
at org.testng.internal.Invoker.invokeConfigurations(Invoker.java:142)
at org.testng.internal.TestMethodWorker.invokeBeforeClassMethods(TestMethodWorker.java:168)
at org.testng.internal.TestMethodWorker.run(TestMethodWorker.java:105)
at org.testng.TestRunner.privateRun(TestRunner.java:648)
at org.testng.TestRunner.run(TestRunner.java:505)
at org.testng.SuiteRunner.runTest(SuiteRunner.java:455)
at org.testng.SuiteRunner.runSequentially(SuiteRunner.java:450)
at org.testng.SuiteRunner.privateRun(SuiteRunner.java:415)
at org.testng.SuiteRunner.run(SuiteRunner.java:364)
at org.testng.SuiteRunnerWorker.runSuite(SuiteRunnerWorker.java:52)
at org.testng.SuiteRunnerWorker.run(SuiteRunnerWorker.java:84)
at org.testng.TestNG.runSuitesSequentially(TestNG.java:1208)
at org.testng.TestNG.runSuitesLocally(TestNG.java:1137)
at org.testng.TestNG.runSuites(TestNG.java:1049)
at org.testng.TestNG.run(TestNG.java:1017)
at org.testng.remote.AbstractRemoteTestNG.run(AbstractRemoteTestNG.java:114)
at org.testng.remote.RemoteTestNG.initAndRun(RemoteTestNG.java:251)
at org.testng.remote.RemoteTestNG.main(RemoteTestNG.java:77)
]]>
    </error>
  </testcase> <!-- startBrowser -->
  <testcase name="EN_US_PV" time="0.000" classname="Redesign.Videos_v3_3">
    <skipped/>
  </testcase> <!-- EN_US_PV -->
  <testcase name="EN_US_CV" time="0.000" classname="Redesign.Videos_v3_3">
    <skipped/>
  </testcase> <!-- EN_US_CV -->
  <testcase name="MM_VET" time="0.000" classname="Redesign.Videos_v3_3">
    <skipped/>
  </testcase> <!-- MM_VET -->
  <testcase name="MSD_VET" time="0.000" classname="Redesign.Videos_v3_3">
    <skipped/>
  </testcase> <!-- MSD_VET -->
  <testcase name="EN_MSD_PV" time="0.000" classname="Redesign.Videos_v3_3">
    <skipped/>
  </testcase> <!-- EN_MSD_PV -->
  <testcase name="EN_MSD_CV" time="0.000" classname="Redesign.Videos_v3_3">
    <skipped/>
  </testcase> <!-- EN_MSD_CV -->
</testsuite> <!-- Redesign.Videos_v3_3 -->
