<?xml version="1.0" encoding="UTF-8"?>
<!-- Generated by org.testng.reporters.JUnitReportReporter -->
<testsuite skipped="0" hostname="LAPTOP-MI22N1I4" name="Redesign.ClinicalCalculators_v3_3" tests="5" failures="0" timestamp="27 Jun 2019 00:52:37 GMT" time="22010.629" errors="0">
  <testcase name="PT_PV" time="3773.246" classname="Redesign.ClinicalCalculators_v3_3"/>
  <testcase name="FR_PV" time="3992.361" classname="Redesign.ClinicalCalculators_v3_3"/>
  <testcase name="ES_PV" time="4937.589" classname="Redesign.ClinicalCalculators_v3_3"/>
  <testcase name="DE_PV" time="5306.906" classname="Redesign.ClinicalCalculators_v3_3"/>
  <testcase name="IT_PV" time="4000.526" classname="Redesign.ClinicalCalculators_v3_3"/>
</testsuite> <!-- Redesign.ClinicalCalculators_v3_3 -->
