<?xml version="1.0" encoding="UTF-8"?>
<!-- Generated by org.testng.reporters.JUnitReportReporter -->
<testsuite hostname="LAPTOP-JDN88TTV" failures="0" tests="16" name="TestCases.PVHomePage" time="3352.179" errors="0" timestamp="2023-09-05T15:43:50 EDT" skipped="0">
  <testcase classname="TestCases.PVHomePage" name="verifyMerckManualPV" time="224.540"/>
  <system-out/>
  <testcase classname="TestCases.PVHomePage" name="verifyMSDManualPVs" time="146.009"/>
  <system-out/>
  <testcase classname="TestCases.PVHomePage" name="verifyMSDManualPVDE" time="220.786"/>
  <system-out/>
  <testcase classname="TestCases.PVHomePage" name="verifyMSDManualPVES" time="180.528"/>
  <system-out/>
  <testcase classname="TestCases.PVHomePage" name="verifyMSDManualPVFR" time="205.495"/>
  <system-out/>
  <testcase classname="TestCases.PVHomePage" name="verifyMSDManualPVIT" time="206.999"/>
  <system-out/>
  <testcase classname="TestCases.PVHomePage" name="verifyMSDManualPVJA" time="188.698"/>
  <system-out/>
  <testcase classname="TestCases.PVHomePage" name="verifyMSDManualPVKO" time="143.769"/>
  <system-out/>
  <testcase classname="TestCases.PVHomePage" name="verifyMSDManualPVPT" time="208.873"/>
  <system-out/>
  <testcase classname="TestCases.PVHomePage" name="verifyMSDManualPVRU" time="227.402"/>
  <system-out/>
  <testcase classname="TestCases.PVHomePage" name="verifyMSDManualPVCN" time="313.131"/>
  <system-out/>
  <testcase classname="TestCases.PVHomePage" name="verifyMSDManualPVVI" time="286.143"/>
  <system-out/>
  <testcase classname="TestCases.PVHomePage" name="verifyMSDManualPVAR" time="1.890"/>
  <system-out/>
  <testcase classname="TestCases.PVHomePage" name="verifyMSDManualPVUK" time="266.070"/>
  <system-out/>
  <testcase classname="TestCases.PVHomePage" name="verifyMMVETManualPV" time="308.532"/>
  <system-out/>
  <testcase classname="TestCases.PVHomePage" name="verifyMSDVETManualPV" time="223.314"/>
  <system-out/>
</testsuite> <!-- TestCases.PVHomePage -->
