<?xml version="1.0" encoding="UTF-8"?>
<!-- Generated by org.testng.reporters.JUnitReportReporter -->
<testsuite skipped="0" hostname="LAPTOP-MI22N1I4" name="Redesign.Models3D_v3_2" tests="4" failures="0" timestamp="11 Apr 2019 20:54:03 GMT" time="2277.809" errors="0">
  <testcase name="EN_US_PV" time="247.198" classname="Redesign.Models3D_v3_2"/>
  <testcase name="EN_US_CV" time="870.237" classname="Redesign.Models3D_v3_2"/>
  <testcase name="MM_VET" time="259.614" classname="Redesign.Models3D_v3_2"/>
  <testcase name="MSD_VET" time="900.760" classname="Redesign.Models3D_v3_2"/>
</testsuite> <!-- Redesign.Models3D_v3_2 -->
