<?xml version="1.0" encoding="UTF-8"?>
<!-- Generated by org.testng.reporters.JUnitReportReporter -->
<testsuite hostname="LAPTOP-JDN88TTV" failures="0" tests="27" name="Resources.Tables" time="142582.875" errors="0" timestamp="2024-05-19T06:09:03 EDT" skipped="0">
  <testcase classname="Resources.Tables" name="EN_US_PV" time="6120.302"/>
  <system-out/>
  <testcase classname="Resources.Tables" name="EN_US_CV" time="3466.144"/>
  <system-out/>
  <testcase classname="Resources.Tables" name="PT_PV" time="6279.764"/>
  <system-out/>
  <testcase classname="Resources.Tables" name="PT_CV" time="3080.945"/>
  <system-out/>
  <testcase classname="Resources.Tables" name="JA_PV" time="7955.487"/>
  <system-out/>
  <testcase classname="Resources.Tables" name="JA_CV" time="3902.822"/>
  <system-out/>
  <testcase classname="Resources.Tables" name="FR_PV" time="9243.317"/>
  <system-out/>
  <testcase classname="Resources.Tables" name="FR_CV" time="3976.664"/>
  <system-out/>
  <testcase classname="Resources.Tables" name="ES_PV" time="8942.548"/>
  <system-out/>
  <testcase classname="Resources.Tables" name="ES_CV" time="3985.358"/>
  <system-out/>
  <testcase classname="Resources.Tables" name="DE_PV" time="8371.265"/>
  <system-out/>
  <testcase classname="Resources.Tables" name="DE_CV" time="3868.943"/>
  <system-out/>
  <testcase classname="Resources.Tables" name="IT_PV" time="8555.211"/>
  <system-out/>
  <testcase classname="Resources.Tables" name="IT_CV" time="3858.620"/>
  <system-out/>
  <testcase classname="Resources.Tables" name="RU_PV" time="8773.859"/>
  <system-out/>
  <testcase classname="Resources.Tables" name="RU_CV" time="7580.250"/>
  <system-out/>
  <testcase classname="Resources.Tables" name="CN_PV" time="126.009"/>
  <system-out/>
  <testcase classname="Resources.Tables" name="CN_CV" time="118.726"/>
  <system-out/>
  <testcase classname="Resources.Tables" name="KO_CV" time="3772.301"/>
  <system-out/>
  <testcase classname="Resources.Tables" name="MM_VET" time="4829.641"/>
  <system-out/>
  <testcase classname="Resources.Tables" name="MSD_VET" time="4542.234"/>
  <system-out/>
  <testcase classname="Resources.Tables" name="EN_MSD_PV" time="7963.075"/>
  <system-out/>
  <testcase classname="Resources.Tables" name="EN_MSD_CV" time="3673.124"/>
  <system-out/>
  <testcase classname="Resources.Tables" name="AR_MSD_CV" time="3815.495"/>
  <system-out/>
  <testcase classname="Resources.Tables" name="VI_MSD_PV" time="8901.293"/>
  <system-out/>
  <testcase classname="Resources.Tables" name="UK_PV" time="6877.093"/>
  <system-out/>
  <testcase classname="Resources.Tables" name="HI_CV" time="2.392"/>
  <system-out/>
</testsuite> <!-- Resources.Tables -->
