<?xml version="1.0" encoding="UTF-8"?>
<!-- Generated by org.testng.reporters.JUnitReportReporter -->
<testsuite skipped="0" hostname="LAPTOP-MI22N1I4" name="New_Scripts.Figures_v3_3" tests="6" failures="0" timestamp="22 Feb 2019 01:03:13 GMT" time="36195.645" errors="0">
  <testcase name="EN_US_PV" time="5545.253" classname="New_Scripts.Figures_v3_3"/>
  <testcase name="EN_US_CV" time="8375.075" classname="New_Scripts.Figures_v3_3"/>
  <testcase name="MM_VET" time="4614.472" classname="New_Scripts.Figures_v3_3"/>
  <testcase name="MSD_VET" time="4625.515" classname="New_Scripts.Figures_v3_3"/>
  <testcase name="EN_MSD_PV" time="4899.961" classname="New_Scripts.Figures_v3_3"/>
  <testcase name="EN_MSD_CV" time="8135.367" classname="New_Scripts.Figures_v3_3"/>
</testsuite> <!-- New_Scripts.Figures_v3_3 -->
