<?xml version="1.0" encoding="UTF-8"?>
<!-- Generated by org.testng.reporters.JUnitReportReporter -->
<testsuite hostname="LAPTOP-JDN88TTV" failures="0" tests="14" name="TestCases.Landing" time="1170.665" errors="0" timestamp="2023-09-05T14:41:14 EDT" skipped="0">
  <testcase classname="TestCases.Landing" name="verifyMerckManualLanding" time="118.656"/>
  <system-out/>
  <testcase classname="TestCases.Landing" name="verifyMSDManualLanding" time="114.570"/>
  <system-out/>
  <testcase classname="TestCases.Landing" name="verifyMSDManualLandingDE" time="61.322"/>
  <system-out/>
  <testcase classname="TestCases.Landing" name="verifyMSDManualLandingES" time="100.980"/>
  <system-out/>
  <testcase classname="TestCases.Landing" name="verifyMSDManualLandingFR" time="84.893"/>
  <system-out/>
  <testcase classname="TestCases.Landing" name="verifyMSDManualLandingIT" time="97.958"/>
  <system-out/>
  <testcase classname="TestCases.Landing" name="verifyMSDManualLandingJA" time="75.601"/>
  <system-out/>
  <testcase classname="TestCases.Landing" name="verifyMSDManualLandingKO" time="77.787"/>
  <system-out/>
  <testcase classname="TestCases.Landing" name="verifyMSDManualLandingPT" time="82.105"/>
  <system-out/>
  <testcase classname="TestCases.Landing" name="verifyMSDManualLandingRU" time="50.228"/>
  <system-out/>
  <testcase classname="TestCases.Landing" name="verifyMSDManualLandingCN" time="101.286"/>
  <system-out/>
  <testcase classname="TestCases.Landing" name="verifyMSDManualLandingVI" time="77.741"/>
  <system-out/>
  <testcase classname="TestCases.Landing" name="verifyMSDManualLandingAR" time="75.144"/>
  <system-out/>
  <testcase classname="TestCases.Landing" name="verifyMSDManualLandingUK" time="52.394"/>
  <system-out/>
</testsuite> <!-- TestCases.Landing -->
