<?xml version="1.0" encoding="UTF-8"?>
<!-- Generated by org.testng.reporters.JUnitReportReporter -->
<testsuite skipped="0" hostname="LAPTOP-MI22N1I4" name="New_Scripts.Videos_v3_3" tests="6" failures="0" timestamp="25 Feb 2019 18:54:03 GMT" time="15410.138" errors="0">
  <testcase name="EN_US_PV" time="3548.111" classname="New_Scripts.Videos_v3_3"/>
  <testcase name="EN_US_CV" time="3602.675" classname="New_Scripts.Videos_v3_3"/>
  <testcase name="MM_VET" time="489.319" classname="New_Scripts.Videos_v3_3"/>
  <testcase name="MSD_VET" time="481.938" classname="New_Scripts.Videos_v3_3"/>
  <testcase name="EN_MSD_PV" time="3432.380" classname="New_Scripts.Videos_v3_3"/>
  <testcase name="EN_MSD_CV" time="3855.715" classname="New_Scripts.Videos_v3_3"/>
</testsuite> <!-- New_Scripts.Videos_v3_3 -->
