<?xml version="1.0" encoding="UTF-8"?>
<!-- Generated by org.testng.reporters.JUnitReportReporter -->
<testsuite skipped="0" hostname="LAPTOP-MI22N1I4" name="Redesign_UAT.Sounds_v3_3" tests="12" failures="0" timestamp="02 May 2019 15:24:14 GMT" time="4129.150" errors="0">
  <testcase name="FR_PV" time="604.206" classname="Redesign_UAT.Sounds_v3_3"/>
  <testcase name="FR_CV" time="86.933" classname="Redesign_UAT.Sounds_v3_3"/>
  <testcase name="ES_PV" time="611.891" classname="Redesign_UAT.Sounds_v3_3"/>
  <testcase name="ES_CV" time="82.990" classname="Redesign_UAT.Sounds_v3_3"/>
  <testcase name="DE_PV" time="562.863" classname="Redesign_UAT.Sounds_v3_3"/>
  <testcase name="DE_CV" time="95.030" classname="Redesign_UAT.Sounds_v3_3"/>
  <testcase name="IT_PV" time="552.006" classname="Redesign_UAT.Sounds_v3_3"/>
  <testcase name="IT_CV" time="87.549" classname="Redesign_UAT.Sounds_v3_3"/>
  <testcase name="ES_US_MSD_PV" time="615.337" classname="Redesign_UAT.Sounds_v3_3"/>
  <testcase name="ES_US_MSD_CV" time="169.978" classname="Redesign_UAT.Sounds_v3_3"/>
  <testcase name="FR_CA_MSD_PV" time="603.409" classname="Redesign_UAT.Sounds_v3_3"/>
  <testcase name="FR_CA_MSD_CV" time="56.958" classname="Redesign_UAT.Sounds_v3_3"/>
</testsuite> <!-- Redesign_UAT.Sounds_v3_3 -->
