<?xml version="1.0" encoding="UTF-8"?>
<!-- Generated by org.testng.reporters.JUnitReportReporter -->
<testsuite hostname="LAPTOP-JDN88TTV" failures="0" tests="25" name="Resources.Models3D" time="37172.871" errors="0" timestamp="2024-06-04T00:43:25 EDT" skipped="0">
  <testcase classname="Resources.Models3D" name="EN_US_PV" time="1093.351"/>
  <system-out/>
  <testcase classname="Resources.Models3D" name="EN_US_CV" time="2144.045"/>
  <system-out/>
  <testcase classname="Resources.Models3D" name="PT_PV" time="1019.394"/>
  <system-out/>
  <testcase classname="Resources.Models3D" name="PT_CV" time="2119.782"/>
  <system-out/>
  <testcase classname="Resources.Models3D" name="JA_PV" time="1152.582"/>
  <system-out/>
  <testcase classname="Resources.Models3D" name="JA_CV" time="2206.997"/>
  <system-out/>
  <testcase classname="Resources.Models3D" name="FR_PV" time="1008.950"/>
  <system-out/>
  <testcase classname="Resources.Models3D" name="FR_CV" time="2072.824"/>
  <system-out/>
  <testcase classname="Resources.Models3D" name="ES_PV" time="994.400"/>
  <system-out/>
  <testcase classname="Resources.Models3D" name="ES_CV" time="2097.606"/>
  <system-out/>
  <testcase classname="Resources.Models3D" name="DE_PV" time="956.436"/>
  <system-out/>
  <testcase classname="Resources.Models3D" name="DE_CV" time="2036.899"/>
  <system-out/>
  <testcase classname="Resources.Models3D" name="IT_PV" time="967.083"/>
  <system-out/>
  <testcase classname="Resources.Models3D" name="IT_CV" time="2002.531"/>
  <system-out/>
  <testcase classname="Resources.Models3D" name="RU_PV" time="977.257"/>
  <system-out/>
  <testcase classname="Resources.Models3D" name="RU_CV" time="2375.939"/>
  <system-out/>
  <testcase classname="Resources.Models3D" name="ZH_PV" time="98.272"/>
  <system-out/>
  <testcase classname="Resources.Models3D" name="ZH_CV" time="90.636"/>
  <system-out/>
  <testcase classname="Resources.Models3D" name="KO_CV" time="2303.323"/>
  <system-out/>
  <testcase classname="Resources.Models3D" name="EN_MSD_PV" time="1018.253"/>
  <system-out/>
  <testcase classname="Resources.Models3D" name="EN_MSD_CV" time="2007.197"/>
  <system-out/>
  <testcase classname="Resources.Models3D" name="AR_MSD_CV" time="2339.572"/>
  <system-out/>
  <testcase classname="Resources.Models3D" name="VI_MSD_PV" time="1136.288"/>
  <system-out/>
  <testcase classname="Resources.Models3D" name="UK_MSD_PV" time="935.311"/>
  <system-out/>
  <testcase classname="Resources.Models3D" name="HI_CV" time="2017.941"/>
  <system-out/>
</testsuite> <!-- Resources.Models3D -->
