<?xml version="1.0" encoding="UTF-8"?>
<!-- Generated by org.testng.reporters.JUnitReportReporter -->
<testsuite skipped="0" hostname="LAPTOP-MI22N1I4" name="Redesign.Sounds_v3_3" tests="10" failures="0" timestamp="26 Jun 2019 19:42:38 GMT" time="3512.486" errors="0">
  <testcase name="PT_PV" time="480.597" classname="Redesign.Sounds_v3_3"/>
  <testcase name="PT_CV" time="44.822" classname="Redesign.Sounds_v3_3"/>
  <testcase name="FR_PV" time="904.244" classname="Redesign.Sounds_v3_3"/>
  <testcase name="FR_CV" time="46.055" classname="Redesign.Sounds_v3_3"/>
  <testcase name="ES_PV" time="636.034" classname="Redesign.Sounds_v3_3"/>
  <testcase name="ES_CV" time="85.582" classname="Redesign.Sounds_v3_3"/>
  <testcase name="DE_PV" time="608.471" classname="Redesign.Sounds_v3_3"/>
  <testcase name="DE_CV" time="43.395" classname="Redesign.Sounds_v3_3"/>
  <testcase name="IT_PV" time="604.611" classname="Redesign.Sounds_v3_3"/>
  <testcase name="IT_CV" time="58.675" classname="Redesign.Sounds_v3_3"/>
</testsuite> <!-- Redesign.Sounds_v3_3 -->
