<?xml version="1.0" encoding="UTF-8"?>
<!-- Generated by org.testng.reporters.JUnitReportReporter -->
<testsuite hostname="LAPTOP-JDN88TTV" failures="0" tests="2" name="TestCases.Footer" time="14.779" errors="0" timestamp="2023-03-21T11:29:17 EDT" skipped="0">
  <testcase classname="TestCases.Footer" name="verifyMerckManualLanding" time="8.748"/>
  <system-out/>
  <testcase classname="TestCases.Footer" name="verifyMSDManualLandings" time="6.031"/>
  <system-out/>
</testsuite> <!-- TestCases.Footer -->
