<?xml version="1.0" encoding="UTF-8"?>
<!-- Generated by org.testng.reporters.JUnitReportReporter -->
<testsuite hostname="LAPTOP-JDN88TTV" failures="0" tests="12" name="Other.Symptoms_CV" time="3122.244" errors="0" timestamp="2022-10-13T23:53:31 EDT" skipped="0">
  <testcase classname="Other.Symptoms_CV" name="EN_US_PV" time="313.614"/>
  <system-out/>
  <testcase classname="Other.Symptoms_CV" name="PT_PV" time="718.275"/>
  <system-out/>
  <testcase classname="Other.Symptoms_CV" name="JA_PV" time="381.605"/>
  <system-out/>
  <testcase classname="Other.Symptoms_CV" name="FR_PV" time="17.567"/>
  <system-out/>
  <testcase classname="Other.Symptoms_CV" name="ES_PV" time="15.842"/>
  <system-out/>
  <testcase classname="Other.Symptoms_CV" name="DE_PV" time="16.606"/>
  <system-out/>
  <testcase classname="Other.Symptoms_CV" name="IT_PV" time="18.193"/>
  <system-out/>
  <testcase classname="Other.Symptoms_CV" name="RU_PV" time="16.568"/>
  <system-out/>
  <testcase classname="Other.Symptoms_CV" name="ZH_PV" time="640.002"/>
  <system-out/>
  <testcase classname="Other.Symptoms_CV" name="AR_CV" time="268.844"/>
  <system-out/>
  <testcase classname="Other.Symptoms_CV" name="EN_MSD_PV" time="314.769"/>
  <system-out/>
  <testcase classname="Other.Symptoms_CV" name="KO_CV" time="400.359"/>
  <system-out/>
</testsuite> <!-- Other.Symptoms_CV -->
