<?xml version="1.0" encoding="UTF-8"?>
<!-- Generated by org.testng.reporters.JUnitReportReporter -->
<testsuite hostname="LAPTOP-JDN88TTV" failures="0" tests="25" name="Resources.LabTests" time="124271.922" errors="0" timestamp="2023-07-15T20:56:37 EDT" skipped="0">
  <testcase classname="Resources.LabTests" name="EN_US_PV" time="66.068"/>
  <system-out/>
  <testcase classname="Resources.LabTests" name="EN_US_CV" time="7412.199"/>
  <system-out/>
  <testcase classname="Resources.LabTests" name="PT_PV" time="62.912"/>
  <system-out/>
  <testcase classname="Resources.LabTests" name="PT_CV" time="3384.392"/>
  <system-out/>
  <testcase classname="Resources.LabTests" name="JA_PV" time="102.968"/>
  <system-out/>
  <testcase classname="Resources.LabTests" name="JA_CV" time="102.228"/>
  <system-out/>
  <testcase classname="Resources.LabTests" name="FR_PV" time="63.202"/>
  <system-out/>
  <testcase classname="Resources.LabTests" name="FR_CV" time="2505.034"/>
  <system-out/>
  <testcase classname="Resources.LabTests" name="ES_PV" time="62.608"/>
  <system-out/>
  <testcase classname="Resources.LabTests" name="ES_CV" time="6859.180"/>
  <system-out/>
  <testcase classname="Resources.LabTests" name="DE_PV" time="192.951"/>
  <system-out/>
  <testcase classname="Resources.LabTests" name="DE_CV" time="193.111"/>
  <system-out/>
  <testcase classname="Resources.LabTests" name="IT_PV" time="62.764"/>
  <system-out/>
  <testcase classname="Resources.LabTests" name="IT_CV" time="2545.239"/>
  <system-out/>
  <testcase classname="Resources.LabTests" name="RU_PV" time="193.020"/>
  <system-out/>
  <testcase classname="Resources.LabTests" name="RU_CV" time="196.997"/>
  <system-out/>
  <testcase classname="Resources.LabTests" name="ZH_PV" time="115.417"/>
  <system-out/>
  <testcase classname="Resources.LabTests" name="ZH_CV" time="3208.325"/>
  <system-out/>
  <testcase classname="Resources.LabTests" name="KO_CV" time="1216.081"/>
  <system-out/>
  <testcase classname="Resources.LabTests" name="MM_VET" time="25662.639"/>
  <system-out/>
  <testcase classname="Resources.LabTests" name="MSD_VET" time="64718.922"/>
  <system-out/>
  <testcase classname="Resources.LabTests" name="EN_PV" time="62.126"/>
  <system-out/>
  <testcase classname="Resources.LabTests" name="EN_CV" time="3219.794"/>
  <system-out/>
  <testcase classname="Resources.LabTests" name="AR_MSD_CV" time="1960.592"/>
  <system-out/>
  <testcase classname="Resources.LabTests" name="VI_MSD_PV" time="103.150"/>
  <system-out/>
</testsuite> <!-- Resources.LabTests -->
