<?xml version="1.0" encoding="UTF-8"?>
<!-- Generated by org.testng.reporters.JUnitReportReporter -->
<testsuite skipped="0" hostname="LAPTOP-MI22N1I4" name="Resources.Infographics" tests="14" failures="0" timestamp="14 Feb 2022 15:14:56 GMT" time="1022209.250" errors="0">
  <testcase name="EN_US_PV" time="761760.062" classname="Resources.Infographics"/>
  <testcase name="EN_US_CV" time="258239.406" classname="Resources.Infographics"/>
  <testcase name="MM_VET" time="72.690" classname="Resources.Infographics"/>
  <testcase name="MSD_VET" time="71.569" classname="Resources.Infographics"/>
  <testcase name="ES_CV" time="247.831" classname="Resources.Infographics"/>
  <testcase name="DE_CV" time="194.036" classname="Resources.Infographics"/>
  <testcase name="FR_CV" time="171.388" classname="Resources.Infographics"/>
  <testcase name="IT_CV" time="171.006" classname="Resources.Infographics"/>
  <testcase name="JA_CV" time="114.168" classname="Resources.Infographics"/>
  <testcase name="KO_CV" time="42.054" classname="Resources.Infographics"/>
  <testcase name="PT_CV" time="179.509" classname="Resources.Infographics"/>
  <testcase name="RU_CV" time="686.779" classname="Resources.Infographics"/>
  <testcase name="ZH_CV" time="181.740" classname="Resources.Infographics"/>
  <testcase name="AR_CV" time="77.018" classname="Resources.Infographics"/>
</testsuite> <!-- Resources.Infographics -->
