<?xml version="1.0" encoding="UTF-8"?>
<!-- Generated by org.testng.reporters.JUnitReportReporter -->
<testsuite hostname="LAPTOP-JDN88TTV" failures="0" tests="12" name="Other.Emergencies" time="806.470" errors="0" timestamp="2022-10-03T10:53:16 EDT" skipped="0">
  <testcase classname="Other.Emergencies" name="EN_US_PV" time="66.716"/>
  <system-out/>
  <testcase classname="Other.Emergencies" name="PT_PV" time="72.149"/>
  <system-out/>
  <testcase classname="Other.Emergencies" name="JA_PV" time="61.912"/>
  <system-out/>
  <testcase classname="Other.Emergencies" name="FR_PV" time="62.892"/>
  <system-out/>
  <testcase classname="Other.Emergencies" name="ES_PV" time="67.162"/>
  <system-out/>
  <testcase classname="Other.Emergencies" name="DE_PV" time="66.882"/>
  <system-out/>
  <testcase classname="Other.Emergencies" name="IT_PV" time="69.669"/>
  <system-out/>
  <testcase classname="Other.Emergencies" name="RU_PV" time="66.583"/>
  <system-out/>
  <testcase classname="Other.Emergencies" name="ZH_PV" time="91.930"/>
  <system-out/>
  <testcase classname="Other.Emergencies" name="MM_VET" time="54.181"/>
  <system-out/>
  <testcase classname="Other.Emergencies" name="EN_MSD_PV" time="59.855"/>
  <system-out/>
  <testcase classname="Other.Emergencies" name="KO_CV" time="66.539"/>
  <system-out/>
</testsuite> <!-- Other.Emergencies -->
