<?xml version="1.0" encoding="UTF-8"?>
<!-- Generated by org.testng.reporters.JUnitReportReporter -->
<testsuite hostname="LAPTOP-JDN88TTV" failures="0" tests="14" name="Resources.ClinicalCalculators" time="17795.543" errors="0" timestamp="2024-06-03T19:18:28 EDT" skipped="0">
  <testcase classname="Resources.ClinicalCalculators" name="EN_US_PV" time="1842.888"/>
  <system-out/>
  <testcase classname="Resources.ClinicalCalculators" name="PT_PV" time="1819.359"/>
  <system-out/>
  <testcase classname="Resources.ClinicalCalculators" name="JA_PV" time="1767.841"/>
  <system-out/>
  <testcase classname="Resources.ClinicalCalculators" name="FR_PV" time="1729.122"/>
  <system-out/>
  <testcase classname="Resources.ClinicalCalculators" name="ES_PV" time="1740.970"/>
  <system-out/>
  <testcase classname="Resources.ClinicalCalculators" name="DE_PV" time="1682.817"/>
  <system-out/>
  <testcase classname="Resources.ClinicalCalculators" name="IT_PV" time="1691.365"/>
  <system-out/>
  <testcase classname="Resources.ClinicalCalculators" name="RU_PV" time="1765.608"/>
  <system-out/>
  <testcase classname="Resources.ClinicalCalculators" name="ZH_PV" time="157.533"/>
  <system-out/>
  <testcase classname="Resources.ClinicalCalculators" name="MM_VET" time="65.398"/>
  <system-out/>
  <testcase classname="Resources.ClinicalCalculators" name="MSD_VET" time="62.795"/>
  <system-out/>
  <testcase classname="Resources.ClinicalCalculators" name="EN_MSD_PV" time="15.300"/>
  <system-out/>
  <testcase classname="Resources.ClinicalCalculators" name="VI_PV" time="1729.701"/>
  <system-out/>
  <testcase classname="Resources.ClinicalCalculators" name="UK_PV" time="1724.845"/>
  <system-out/>
</testsuite> <!-- Resources.ClinicalCalculators -->
