<?xml version="1.0" encoding="UTF-8"?>
<!-- Generated by org.testng.reporters.JUnitReportReporter -->
<testsuite skipped="0" hostname="LAPTOP-MI22N1I4" name="Other.Symptoms" tests="12" failures="0" timestamp="27 May 2021 20:37:19 GMT" time="6284.943" errors="0">
  <testcase name="EN_US_PV" time="411.886" classname="Other.Symptoms"/>
  <testcase name="PT_PV" time="532.226" classname="Other.Symptoms"/>
  <testcase name="JA_PV" time="667.301" classname="Other.Symptoms"/>
  <testcase name="FR_PV" time="516.141" classname="Other.Symptoms"/>
  <testcase name="ES_PV" time="543.593" classname="Other.Symptoms"/>
  <testcase name="DE_PV" time="507.054" classname="Other.Symptoms"/>
  <testcase name="IT_PV" time="655.973" classname="Other.Symptoms"/>
  <testcase name="RU_PV" time="492.360" classname="Other.Symptoms"/>
  <testcase name="ZH_PV" time="605.412" classname="Other.Symptoms"/>
  <testcase name="AR_CV" time="394.862" classname="Other.Symptoms"/>
  <testcase name="EN_MSD_PV" time="416.266" classname="Other.Symptoms"/>
  <testcase name="KO_CV" time="541.869" classname="Other.Symptoms"/>
</testsuite> <!-- Other.Symptoms -->
