<?xml version="1.0" encoding="UTF-8"?>
<!-- Generated by org.testng.reporters.JUnitReportReporter -->
<testsuite skipped="0" hostname="LAPTOP-MI22N1I4" name="New_Scripts.Sounds_v3_3" tests="6" failures="0" timestamp="25 Feb 2019 15:04:32 GMT" time="1708.323" errors="0">
  <testcase name="EN_US_PV" time="686.923" classname="New_Scripts.Sounds_v3_3"/>
  <testcase name="EN_US_CV" time="172.485" classname="New_Scripts.Sounds_v3_3"/>
  <testcase name="MM_VET" time="26.671" classname="New_Scripts.Sounds_v3_3"/>
  <testcase name="MSD_VET" time="28.341" classname="New_Scripts.Sounds_v3_3"/>
  <testcase name="EN_MSD_PV" time="687.456" classname="New_Scripts.Sounds_v3_3"/>
  <testcase name="EN_MSD_CV" time="106.447" classname="New_Scripts.Sounds_v3_3"/>
</testsuite> <!-- New_Scripts.Sounds_v3_3 -->
