<?xml version="1.0" encoding="UTF-8"?>
<!-- Generated by org.testng.reporters.JUnitReportReporter -->
<testsuite hostname="LAPTOP-JDN88TTV" failures="0" tests="1" name="TestCases.Figures" time="3.599" errors="0" timestamp="2023-02-28T12:41:36 EST" skipped="0">
  <testcase classname="TestCases.Figures" name="verifyMerckLogosDisplayed" time="3.599"/>
  <system-out/>
</testsuite> <!-- TestCases.Figures -->
