<?xml version="1.0" encoding="UTF-8"?>
<!-- Generated by org.testng.reporters.JUnitReportReporter -->
<testsuite skipped="0" hostname="LAPTOP-MI22N1I4" name="Redesign_UAT.Quizzes_v3_3" tests="4" failures="0" timestamp="10 Jun 2019 06:32:27 GMT" time="8424.156" errors="0">
  <testcase name="ES_US_MSD_PV" time="4150.922" classname="Redesign_UAT.Quizzes_v3_3"/>
  <testcase name="ES_US_MSD_CV" time="32.683" classname="Redesign_UAT.Quizzes_v3_3"/>
  <testcase name="FR_CA_MSD_PV" time="2028.469" classname="Redesign_UAT.Quizzes_v3_3"/>
  <testcase name="FR_CA_MSD_CV" time="2212.082" classname="Redesign_UAT.Quizzes_v3_3"/>
</testsuite> <!-- Redesign_UAT.Quizzes_v3_3 -->
