<?xml version="1.0" encoding="UTF-8"?>
<!-- Generated by org.testng.reporters.JUnitReportReporter -->
<testsuite skipped="0" hostname="LAPTOP-MI22N1I4" name="Redesign.Infographics_v3_0" tests="4" failures="0" timestamp="11 Apr 2019 15:57:24 GMT" time="432.893" errors="0">
  <testcase name="EN_US_PV" time="160.951" classname="Redesign.Infographics_v3_0"/>
  <testcase name="EN_US_CV" time="161.408" classname="Redesign.Infographics_v3_0"/>
  <testcase name="MM_VET" time="55.821" classname="Redesign.Infographics_v3_0"/>
  <testcase name="MSD_VET" time="54.713" classname="Redesign.Infographics_v3_0"/>
</testsuite> <!-- Redesign.Infographics_v3_0 -->
