<?xml version="1.0" encoding="UTF-8"?>
<!-- Generated by org.testng.reporters.JUnitReportReporter -->
<testsuite skipped="0" hostname="LAPTOP-MI22N1I4" name="Redesign_UAT.ClinicalCalculators_v3_3" tests="6" failures="0" timestamp="10 Jun 2019 09:38:06 GMT" time="19681.436" errors="0">
  <testcase name="FR_PV" time="3605.534" classname="Redesign_UAT.ClinicalCalculators_v3_3"/>
  <testcase name="ES_PV" time="4638.458" classname="Redesign_UAT.ClinicalCalculators_v3_3"/>
  <testcase name="DE_PV" time="4488.448" classname="Redesign_UAT.ClinicalCalculators_v3_3"/>
  <testcase name="IT_PV" time="3256.801" classname="Redesign_UAT.ClinicalCalculators_v3_3"/>
  <testcase name="ES_US_MSD_PV" time="11.705" classname="Redesign_UAT.ClinicalCalculators_v3_3"/>
  <testcase name="FR_CA_MSD_PV" time="3680.490" classname="Redesign_UAT.ClinicalCalculators_v3_3"/>
</testsuite> <!-- Redesign_UAT.ClinicalCalculators_v3_3 -->
