<?xml version="1.0" encoding="UTF-8"?>
<!-- Generated by org.testng.reporters.JUnitReportReporter -->
<testsuite hostname="LAPTOP-JDN88TTV" failures="0" tests="4" name="Resources.Podcasts" time="2753.198" errors="0" timestamp="2023-07-14T11:11:13 EDT" skipped="0">
  <testcase classname="Resources.Podcasts" name="EN_US_PV" time="936.930"/>
  <system-out/>
  <testcase classname="Resources.Podcasts" name="EN_US_CV" time="1061.242"/>
  <system-out/>
  <testcase classname="Resources.Podcasts" name="EN_MSD_PV" time="671.516"/>
  <system-out/>
  <testcase classname="Resources.Podcasts" name="EN_MSD_CV" time="83.510"/>
  <system-out/>
</testsuite> <!-- Resources.Podcasts -->
