<?xml version="1.0" encoding="UTF-8"?>
<!-- Generated by org.testng.reporters.JUnitReportReporter -->
<testsuite skipped="0" hostname="LAPTOP-MI22N1I4" name="Resources.SocialMedia" tests="3" failures="0" timestamp="19 Aug 2020 16:52:38 GMT" time="22.947" errors="0">
  <testcase name="EN_US" time="8.292" classname="Resources.SocialMedia"/>
  <testcase name="EN_US_PV" time="7.287" classname="Resources.SocialMedia"/>
  <testcase name="EN_US_CV" time="7.368" classname="Resources.SocialMedia"/>
</testsuite> <!-- Resources.SocialMedia -->
