<?xml version="1.0" encoding="UTF-8"?>
<!-- Generated by org.testng.reporters.JUnitReportReporter -->
<testsuite hostname="LAPTOP-JDN88TTV" failures="0" tests="26" name="Resources.Quizzes" time="15651.682" errors="0" timestamp="2024-06-03T18:42:37 EDT" skipped="0">
  <testcase classname="Resources.Quizzes" name="EN_US_PV" time="513.290"/>
  <system-out/>
  <testcase classname="Resources.Quizzes" name="EN_US_CV" time="635.677"/>
  <system-out/>
  <testcase classname="Resources.Quizzes" name="PT_PV" time="633.630"/>
  <system-out/>
  <testcase classname="Resources.Quizzes" name="PT_CV" time="664.083"/>
  <system-out/>
  <testcase classname="Resources.Quizzes" name="JA_PV" time="739.962"/>
  <system-out/>
  <testcase classname="Resources.Quizzes" name="JA_CV" time="970.045"/>
  <system-out/>
  <testcase classname="Resources.Quizzes" name="FR_PV" time="725.306"/>
  <system-out/>
  <testcase classname="Resources.Quizzes" name="FR_CV" time="749.895"/>
  <system-out/>
  <testcase classname="Resources.Quizzes" name="ES_PV" time="555.326"/>
  <system-out/>
  <testcase classname="Resources.Quizzes" name="ES_CV" time="593.339"/>
  <system-out/>
  <testcase classname="Resources.Quizzes" name="DE_PV" time="584.866"/>
  <system-out/>
  <testcase classname="Resources.Quizzes" name="DE_CV" time="567.796"/>
  <system-out/>
  <testcase classname="Resources.Quizzes" name="IT_PV" time="608.867"/>
  <system-out/>
  <testcase classname="Resources.Quizzes" name="IT_CV" time="452.694"/>
  <system-out/>
  <testcase classname="Resources.Quizzes" name="RU_PV" time="792.930"/>
  <system-out/>
  <testcase classname="Resources.Quizzes" name="RU_CV" time="766.313"/>
  <system-out/>
  <testcase classname="Resources.Quizzes" name="ZH_PV" time="125.574"/>
  <system-out/>
  <testcase classname="Resources.Quizzes" name="ZH_CV" time="117.654"/>
  <system-out/>
  <testcase classname="Resources.Quizzes" name="KO_CV" time="581.212"/>
  <system-out/>
  <testcase classname="Resources.Quizzes" name="MM_VET" time="493.357"/>
  <system-out/>
  <testcase classname="Resources.Quizzes" name="MSD_VET" time="495.973"/>
  <system-out/>
  <testcase classname="Resources.Quizzes" name="EN_MSD_PV" time="521.010"/>
  <system-out/>
  <testcase classname="Resources.Quizzes" name="EN_MSD_CV" time="605.004"/>
  <system-out/>
  <testcase classname="Resources.Quizzes" name="AR_MSD_CV" time="1089.045"/>
  <system-out/>
  <testcase classname="Resources.Quizzes" name="VI_MSD_PV" time="655.744"/>
  <system-out/>
  <testcase classname="Resources.Quizzes" name="HI_MSD_PV" time="413.090"/>
  <system-out/>
</testsuite> <!-- Resources.Quizzes -->
